#
# There is insufficient memory for the Java Runtime Environment to continue.
# Native memory allocation (malloc) failed to allocate 1044336 bytes for Chunk::new
# Possible reasons:
#   The system is out of physical RAM or swap space
#   The process is running with CompressedOops enabled, and the Java Heap may be blocking the growth of the native heap
# Possible solutions:
#   Reduce memory load on the system
#   Increase physical memory or swap space
#   Check if swap backing store is full
#   Decrease Java heap size (-Xmx/-Xms)
#   Decrease number of Java threads
#   Decrease Java thread stack sizes (-Xss)
#   Set larger code cache with -XX:ReservedCodeCacheSize=
#   JVM is running with Zero Based Compressed Oops mode in which the Java heap is
#     placed in the first 32GB address space. The Java Heap base address is the
#     maximum limit for the native heap growth. Please use -XX:HeapBaseMinAddress
#     to set the Java Heap base and to place the Java Heap above 32GB virtual address.
# This output file may be truncated or incomplete.
#
#  Out of Memory Error (t:/workspace/open/src/hotspot/share/memory/arena.cpp:198), pid=55400, tid=10296
#
# JRE version: Java(TM) SE Runtime Environment (10.0.2+13) (build 10.0.2+13)
# Java VM: Java HotSpot(TM) 64-Bit Server VM (10.0.2+13, mixed mode, tiered, compressed oops, g1 gc, windows-amd64)
# No core dump will be written. Minidumps are not enabled by default on client versions of Windows
#

---------------  S U M M A R Y ------------

Command Line: -Dfile.encoding=GBK --module-path=D:\code\shixun\bin -Djdk.module.main=shixun shixun/lastshixun_jiemian.test

Host: AMD Ryzen 7 6800H with Radeon Graphics         , 16 cores, 15G,  Windows 10 , 64 bit Build 22000 (10.0.22000.2003)
Time: Wed Jun 07 16:59:12 2023 ?D1¨²¡À¨º¡Á?¨º¡À?? elapsed time: 0 seconds (0d 0h 0m 0s)

---------------  T H R E A D  ---------------

Current thread (0x0000025ac2e5b000):  JavaThread "C2 CompilerThread1" daemon [_thread_in_native, id=10296, stack(0x000000d26e200000,0x000000d26e300000)]


Current CompileTask:
C2:    683 1411   !   4       sun.font.TrueTypeFont::getTableBuffer (199 bytes)

Stack: [0x000000d26e200000,0x000000d26e300000]
Native frames: (J=compiled Java code, j=interpreted, Vv=VM code, C=native code)
V  [jvm.dll+0x5a01a9]
V  [jvm.dll+0x6bcf31]
V  [jvm.dll+0x6be126]
V  [jvm.dll+0x6be7b3]
V  [jvm.dll+0x234978]
V  [jvm.dll+0xbb69c]
V  [jvm.dll+0xbbbac]
V  [jvm.dll+0x34be98]
V  [jvm.dll+0x3110aa]
V  [jvm.dll+0x31063a]
V  [jvm.dll+0x1ffe91]
V  [jvm.dll+0x1ff116]
V  [jvm.dll+0x17c94b]
V  [jvm.dll+0x20c8dd]
V  [jvm.dll+0x20b6a6]
V  [jvm.dll+0x68b7ff]
V  [jvm.dll+0x59f4b0]
C  [msvcr120.dll+0x24f7f]
C  [msvcr120.dll+0x25126]
C  [KERNEL32.DLL+0x155a0]
C  [ntdll.dll+0x485b]


---------------  P R O C E S S  ---------------

Threads class SMR info:
_java_thread_list=0x0000025ac3a429e0, length=24, elements={
0x0000025ac2de5000, 0x0000025ac2df2000, 0x0000025ac2e55800, 0x0000025ac2e56000,
0x0000025ac2e5a000, 0x0000025ac2e5b000, 0x0000025ac2e66800, 0x0000025ac2e74000,
0x0000025ac2e86000, 0x0000025ac2e87000, 0x0000025ac2ebb000, 0x0000025ac2ee3800,
0x0000025ac2ef9800, 0x0000025ac2f02800, 0x0000025ac2f23800, 0x0000025ac2f35000,
0x0000025ac2f40800, 0x0000025ac2da5800, 0x0000025ac3472800, 0x0000025ac36cd000,
0x0000025ac3646000, 0x0000025ac3649800, 0x0000025ac80d7800, 0x0000025a9afac800
}

Java Threads: ( => current thread )
  0x0000025ac2de5000 JavaThread "Reference Handler" daemon [_thread_blocked, id=59156, stack(0x000000d26dd00000,0x000000d26de00000)]
  0x0000025ac2df2000 JavaThread "Finalizer" daemon [_thread_blocked, id=60060, stack(0x000000d26de00000,0x000000d26df00000)]
  0x0000025ac2e55800 JavaThread "Signal Dispatcher" daemon [_thread_blocked, id=55588, stack(0x000000d26df00000,0x000000d26e000000)]
  0x0000025ac2e56000 JavaThread "Attach Listener" daemon [_thread_blocked, id=51092, stack(0x000000d26e000000,0x000000d26e100000)]
  0x0000025ac2e5a000 JavaThread "C2 CompilerThread0" daemon [_thread_blocked, id=54904, stack(0x000000d26e100000,0x000000d26e200000)]
=>0x0000025ac2e5b000 JavaThread "C2 CompilerThread1" daemon [_thread_in_native, id=10296, stack(0x000000d26e200000,0x000000d26e300000)]
  0x0000025ac2e66800 JavaThread "C2 CompilerThread2" daemon [_thread_blocked, id=54660, stack(0x000000d26e300000,0x000000d26e400000)]
  0x0000025ac2e74000 JavaThread "C2 CompilerThread3" daemon [_thread_blocked, id=59152, stack(0x000000d26e400000,0x000000d26e500000)]
  0x0000025ac2e86000 JavaThread "C2 CompilerThread4" daemon [_thread_blocked, id=53108, stack(0x000000d26e500000,0x000000d26e600000)]
  0x0000025ac2e87000 JavaThread "C2 CompilerThread5" daemon [_thread_blocked, id=60392, stack(0x000000d26e600000,0x000000d26e700000)]
  0x0000025ac2ebb000 JavaThread "C2 CompilerThread6" daemon [_thread_in_native, id=58888, stack(0x000000d26e700000,0x000000d26e800000)]
  0x0000025ac2ee3800 JavaThread "C2 CompilerThread7" daemon [_thread_blocked, id=55700, stack(0x000000d26e800000,0x000000d26e900000)]
  0x0000025ac2ef9800 JavaThread "C1 CompilerThread8" daemon [_thread_blocked, id=59140, stack(0x000000d26e900000,0x000000d26ea00000)]
  0x0000025ac2f02800 JavaThread "C1 CompilerThread9" daemon [_thread_blocked, id=55856, stack(0x000000d26ea00000,0x000000d26eb00000)]
  0x0000025ac2f23800 JavaThread "C1 CompilerThread10" daemon [_thread_blocked, id=60396, stack(0x000000d26eb00000,0x000000d26ec00000)]
  0x0000025ac2f35000 JavaThread "C1 CompilerThread11" daemon [_thread_blocked, id=56016, stack(0x000000d26ec00000,0x000000d26ed00000)]
  0x0000025ac2f40800 JavaThread "Sweeper thread" daemon [_thread_blocked, id=55608, stack(0x000000d26ed00000,0x000000d26ee00000)]
  0x0000025ac2da5800 JavaThread "Common-Cleaner" daemon [_thread_blocked, id=56568, stack(0x000000d26ee00000,0x000000d26ef00000)]
  0x0000025ac3472800 JavaThread "Service Thread" daemon [_thread_blocked, id=55304, stack(0x000000d26ef00000,0x000000d26f000000)]
  0x0000025ac36cd000 JavaThread "Java2D Disposer" daemon [_thread_blocked, id=56864, stack(0x000000d26f100000,0x000000d26f200000)]
  0x0000025ac3646000 JavaThread "AWT-Shutdown" [_thread_blocked, id=55688, stack(0x000000d26f200000,0x000000d26f300000)]
  0x0000025ac3649800 JavaThread "AWT-Windows" daemon [_thread_in_native, id=59344, stack(0x000000d26f300000,0x000000d26f400000)]
  0x0000025ac80d7800 JavaThread "AWT-EventQueue-0" [_thread_blocked, id=60452, stack(0x000000d26f400000,0x000000d26f500000)]
  0x0000025a9afac800 JavaThread "DestroyJavaVM" [_thread_blocked, id=59760, stack(0x000000d26bc00000,0x000000d26bd00000)]

Other Threads:
  0x0000025ac2dda000 VMThread "VM Thread" [stack: 0x000000d26dc00000,0x000000d26dd00000] [id=59164]
  0x0000025ac348d800 WatcherThread [stack: 0x000000d26f000000,0x000000d26f100000] [id=54756]
  0x0000025a9afc6000 GCTaskThread "GC Thread#0" [stack: 0x000000d26bd00000,0x000000d26be00000] [id=59784]
  0x0000025a9afc8800 GCTaskThread "GC Thread#1" [stack: 0x000000d26be00000,0x000000d26bf00000] [id=59632]
  0x0000025a9afcc800 GCTaskThread "GC Thread#2" [stack: 0x000000d26bf00000,0x000000d26c000000] [id=57736]
  0x0000025a9afd0800 GCTaskThread "GC Thread#3" [stack: 0x000000d26c000000,0x000000d26c100000] [id=59732]
  0x0000025a9afd3000 GCTaskThread "GC Thread#4" [stack: 0x000000d26c100000,0x000000d26c200000] [id=42640]
  0x0000025a9afd5000 GCTaskThread "GC Thread#5" [stack: 0x000000d26c200000,0x000000d26c300000] [id=59668]
  0x0000025a9afd6800 GCTaskThread "GC Thread#6" [stack: 0x000000d26c300000,0x000000d26c400000] [id=55656]
  0x0000025a9afdc000 GCTaskThread "GC Thread#7" [stack: 0x000000d26c400000,0x000000d26c500000] [id=41384]
  0x0000025a9afe2800 GCTaskThread "GC Thread#8" [stack: 0x000000d26c500000,0x000000d26c600000] [id=56668]
  0x0000025a9afe7800 GCTaskThread "GC Thread#9" [stack: 0x000000d26c600000,0x000000d26c700000] [id=60404]
  0x0000025a9afe8000 GCTaskThread "GC Thread#10" [stack: 0x000000d26c700000,0x000000d26c800000] [id=58200]
  0x0000025a9afe9000 GCTaskThread "GC Thread#11" [stack: 0x000000d26c800000,0x000000d26c900000] [id=49160]
  0x0000025a9afe5000 GCTaskThread "GC Thread#12" [stack: 0x000000d26c900000,0x000000d26ca00000] [id=59272]
  0x0000025a9b03b800 ConcurrentGCThread "G1 Main Marker" [stack: 0x000000d26ca00000,0x000000d26cb00000] [id=38260]
  0x0000025a9afeb000 ConcurrentGCThread "G1 Conc#0" [stack: 0x000000d26cb00000,0x000000d26cc00000] [id=23584]
  0x0000025a9afe5800 ConcurrentGCThread "G1 Conc#1" [stack: 0x000000d26cc00000,0x000000d26cd00000] [id=44356]
  0x0000025a9afe6000 ConcurrentGCThread "G1 Conc#2" [stack: 0x000000d26cd00000,0x000000d26ce00000] [id=60240]
  0x0000025abf555800 ConcurrentGCThread "G1 Refine#0" [stack: 0x000000d26ce00000,0x000000d26cf00000] [id=56332]
  0x0000025abf556000 ConcurrentGCThread "G1 Refine#1" [stack: 0x000000d26cf00000,0x000000d26d000000] [id=54664]
  0x0000025abf55b000 ConcurrentGCThread "G1 Refine#2" [stack: 0x000000d26d000000,0x000000d26d100000] [id=59216]
  0x0000025abf55b800 ConcurrentGCThread "G1 Refine#3" [stack: 0x000000d26d100000,0x000000d26d200000] [id=47980]
  0x0000025abf55c000 ConcurrentGCThread "G1 Refine#4" [stack: 0x000000d26d200000,0x000000d26d300000] [id=58440]
  0x0000025abf55f800 ConcurrentGCThread "G1 Refine#5" [stack: 0x000000d26d300000,0x000000d26d400000] [id=59160]
  0x0000025abf571000 ConcurrentGCThread "G1 Refine#6" [stack: 0x000000d26d400000,0x000000d26d500000] [id=58488]
  0x0000025abf572000 ConcurrentGCThread "G1 Refine#7" [stack: 0x000000d26d500000,0x000000d26d600000] [id=59120]
  0x0000025abf579800 ConcurrentGCThread "G1 Refine#8" [stack: 0x000000d26d600000,0x000000d26d700000] [id=54088]
  0x0000025abf57b800 ConcurrentGCThread "G1 Refine#9" [stack: 0x000000d26d700000,0x000000d26d800000] [id=55244]
  0x0000025abf57c000 ConcurrentGCThread "G1 Refine#10" [stack: 0x000000d26d800000,0x000000d26d900000] [id=58788]
  0x0000025abf57d800 ConcurrentGCThread "G1 Refine#11" [stack: 0x000000d26d900000,0x000000d26da00000] [id=60328]
  0x0000025abf57e800 ConcurrentGCThread "G1 Refine#12" [stack: 0x000000d26da00000,0x000000d26db00000] [id=39300]
  0x0000025abf57f000 ConcurrentGCThread "G1 Young RemSet Sampling" [stack: 0x000000d26db00000,0x000000d26dc00000] [id=37548]

Threads with active compile tasks:
C2 CompilerThread11411   !   4       sun.font.TrueTypeFont::getTableBuffer (199 bytes)
C2 CompilerThread61413       4       java.lang.String::<init> (55 bytes)

VM state:not at safepoint (normal execution)

VM Mutex/Monitor currently owned by a thread: None

Heap address: 0x00000006cbc00000, size: 3908 MB, Compressed Oops mode: Zero based, Oop shift amount: 3
Narrow klass base: 0x0000000000000000, Narrow klass shift: 3
Compressed class space size: 1073741824 Address: 0x00000007c0000000

Heap:
 garbage-first heap   total 251904K, used 26624K [0x00000006cbc00000, 0x00000007c0000000)
  region size 1024K, 22 young (22528K), 0 survivors (0K)
 Metaspace       used 14937K, capacity 15292K, committed 15616K, reserved 1062912K
  class space    used 1499K, capacity 1715K, committed 1792K, reserved 1048576K
Heap Regions: E=young(eden), S=young(survivor), O=old, HS=humongous(starts), HC=humongous(continues), CS=collection set, F=free, A=archive, TS=gc time stamp, AC=allocation context, TAMS=top-at-mark-start (previous, next)
|   0|0x00000006cbc00000, 0x00000006cbd00000, 0x00000006cbd00000|100%|HS|  |TS  0|AC  0|TAMS 0x00000006cbc00000, 0x00000006cbc00000|
|   1|0x00000006cbd00000, 0x00000006cbe00000, 0x00000006cbe00000|100%|HS|  |TS  0|AC  0|TAMS 0x00000006cbd00000, 0x00000006cbd00000|
|   2|0x00000006cbe00000, 0x00000006cbf00000, 0x00000006cbf00000|100%|HS|  |TS  0|AC  0|TAMS 0x00000006cbe00000, 0x00000006cbe00000|
|   3|0x00000006cbf00000, 0x00000006cc000000, 0x00000006cc000000|100%|HC|  |TS  0|AC  0|TAMS 0x00000006cbf00000, 0x00000006cbf00000|
|   4|0x00000006cc000000, 0x00000006cc100000, 0x00000006cc100000|100%|HC|  |TS  0|AC  0|TAMS 0x00000006cc000000, 0x00000006cc000000|
|   5|0x00000006cc100000, 0x00000006cc100000, 0x00000006cc200000|  0%| F|  |TS  0|AC  0|TAMS 0x00000006cc100000, 0x00000006cc100000|
|   6|0x00000006cc200000, 0x00000006cc200000, 0x00000006cc300000|  0%| F|  |TS  0|AC  0|TAMS 0x00000006cc200000, 0x00000006cc200000|
|   7|0x00000006cc300000, 0x00000006cc300000, 0x00000006cc400000|  0%| F|  |TS  0|AC  0|TAMS 0x00000006cc300000, 0x00000006cc300000|
|   8|0x00000006cc400000, 0x00000006cc400000, 0x00000006cc500000|  0%| F|  |TS  0|AC  0|TAMS 0x00000006cc400000, 0x00000006cc400000|
|   9|0x00000006cc500000, 0x00000006cc500000, 0x00000006cc600000|  0%| F|  |TS  0|AC  0|TAMS 0x00000006cc500000, 0x00000006cc500000|
|  10|0x00000006cc600000, 0x00000006cc600000, 0x00000006cc700000|  0%| F|  |TS  0|AC  0|TAMS 0x00000006cc600000, 0x00000006cc600000|
|  11|0x00000006cc700000, 0x00000006cc700000, 0x00000006cc800000|  0%| F|  |TS  0|AC  0|TAMS 0x00000006cc700000, 0x00000006cc700000|
|  12|0x00000006cc800000, 0x00000006cc800000, 0x00000006cc900000|  0%| F|  |TS  0|AC  0|TAMS 0x00000006cc800000, 0x00000006cc800000|
|  13|0x00000006cc900000, 0x00000006cc900000, 0x00000006cca00000|  0%| F|  |TS  0|AC  0|TAMS 0x00000006cc900000, 0x00000006cc900000|
|  14|0x00000006cca00000, 0x00000006cca00000, 0x00000006ccb00000|  0%| F|  |TS  0|AC  0|TAMS 0x00000006cca00000, 0x00000006cca00000|
|  15|0x00000006ccb00000, 0x00000006ccb00000, 0x00000006ccc00000|  0%| F|  |TS  0|AC  0|TAMS 0x00000006ccb00000, 0x00000006ccb00000|
|  16|0x00000006ccc00000, 0x00000006ccc00000, 0x00000006ccd00000|  0%| F|  |TS  0|AC  0|TAMS 0x00000006ccc00000, 0x00000006ccc00000|
|  17|0x00000006ccd00000, 0x00000006ccd00000, 0x00000006cce00000|  0%| F|  |TS  0|AC  0|TAMS 0x00000006ccd00000, 0x00000006ccd00000|
|  18|0x00000006cce00000, 0x00000006cce00000, 0x00000006ccf00000|  0%| F|  |TS  0|AC  0|TAMS 0x00000006cce00000, 0x00000006cce00000|
|  19|0x00000006ccf00000, 0x00000006ccf00000, 0x00000006cd000000|  0%| F|  |TS  0|AC  0|TAMS 0x00000006ccf00000, 0x00000006ccf00000|
|  20|0x00000006cd000000, 0x00000006cd000000, 0x00000006cd100000|  0%| F|  |TS  0|AC  0|TAMS 0x00000006cd000000, 0x00000006cd000000|
|  21|0x00000006cd100000, 0x00000006cd100000, 0x00000006cd200000|  0%| F|  |TS  0|AC  0|TAMS 0x00000006cd100000, 0x00000006cd100000|
|  22|0x00000006cd200000, 0x00000006cd200000, 0x00000006cd300000|  0%| F|  |TS  0|AC  0|TAMS 0x00000006cd200000, 0x00000006cd200000|
|  23|0x00000006cd300000, 0x00000006cd300000, 0x00000006cd400000|  0%| F|  |TS  0|AC  0|TAMS 0x00000006cd300000, 0x00000006cd300000|
|  24|0x00000006cd400000, 0x00000006cd400000, 0x00000006cd500000|  0%| F|  |TS  0|AC  0|TAMS 0x00000006cd400000, 0x00000006cd400000|
|  25|0x00000006cd500000, 0x00000006cd500000, 0x00000006cd600000|  0%| F|  |TS  0|AC  0|TAMS 0x00000006cd500000, 0x00000006cd500000|
|  26|0x00000006cd600000, 0x00000006cd600000, 0x00000006cd700000|  0%| F|  |TS  0|AC  0|TAMS 0x00000006cd600000, 0x00000006cd600000|
|  27|0x00000006cd700000, 0x00000006cd700000, 0x00000006cd800000|  0%| F|  |TS  0|AC  0|TAMS 0x00000006cd700000, 0x00000006cd700000|
|  28|0x00000006cd800000, 0x00000006cd800000, 0x00000006cd900000|  0%| F|  |TS  0|AC  0|TAMS 0x00000006cd800000, 0x00000006cd800000|
|  29|0x00000006cd900000, 0x00000006cd900000, 0x00000006cda00000|  0%| F|  |TS  0|AC  0|TAMS 0x00000006cd900000, 0x00000006cd900000|
|  30|0x00000006cda00000, 0x00000006cda00000, 0x00000006cdb00000|  0%| F|  |TS  0|AC  0|TAMS 0x00000006cda00000, 0x00000006cda00000|
|  31|0x00000006cdb00000, 0x00000006cdb00000, 0x00000006cdc00000|  0%| F|  |TS  0|AC  0|TAMS 0x00000006cdb00000, 0x00000006cdb00000|
|  32|0x00000006cdc00000, 0x00000006cdc00000, 0x00000006cdd00000|  0%| F|  |TS  0|AC  0|TAMS 0x00000006cdc00000, 0x00000006cdc00000|
|  33|0x00000006cdd00000, 0x00000006cdd00000, 0x00000006cde00000|  0%| F|  |TS  0|AC  0|TAMS 0x00000006cdd00000, 0x00000006cdd00000|
|  34|0x00000006cde00000, 0x00000006cde00000, 0x00000006cdf00000|  0%| F|  |TS  0|AC  0|TAMS 0x00000006cde00000, 0x00000006cde00000|
|  35|0x00000006cdf00000, 0x00000006cdf00000, 0x00000006ce000000|  0%| F|  |TS  0|AC  0|TAMS 0x00000006cdf00000, 0x00000006cdf00000|
|  36|0x00000006ce000000, 0x00000006ce000000, 0x00000006ce100000|  0%| F|  |TS  0|AC  0|TAMS 0x00000006ce000000, 0x00000006ce000000|
|  37|0x00000006ce100000, 0x00000006ce100000, 0x00000006ce200000|  0%| F|  |TS  0|AC  0|TAMS 0x00000006ce100000, 0x00000006ce100000|
|  38|0x00000006ce200000, 0x00000006ce200000, 0x00000006ce300000|  0%| F|  |TS  0|AC  0|TAMS 0x00000006ce200000, 0x00000006ce200000|
|  39|0x00000006ce300000, 0x00000006ce300000, 0x00000006ce400000|  0%| F|  |TS  0|AC  0|TAMS 0x00000006ce300000, 0x00000006ce300000|
|  40|0x00000006ce400000, 0x00000006ce400000, 0x00000006ce500000|  0%| F|  |TS  0|AC  0|TAMS 0x00000006ce400000, 0x00000006ce400000|
|  41|0x00000006ce500000, 0x00000006ce500000, 0x00000006ce600000|  0%| F|  |TS  0|AC  0|TAMS 0x00000006ce500000, 0x00000006ce500000|
|  42|0x00000006ce600000, 0x00000006ce600000, 0x00000006ce700000|  0%| F|  |TS  0|AC  0|TAMS 0x00000006ce600000, 0x00000006ce600000|
|  43|0x00000006ce700000, 0x00000006ce700000, 0x00000006ce800000|  0%| F|  |TS  0|AC  0|TAMS 0x00000006ce700000, 0x00000006ce700000|
|  44|0x00000006ce800000, 0x00000006ce800000, 0x00000006ce900000|  0%| F|  |TS  0|AC  0|TAMS 0x00000006ce800000, 0x00000006ce800000|
|  45|0x00000006ce900000, 0x00000006ce900000, 0x00000006cea00000|  0%| F|  |TS  0|AC  0|TAMS 0x00000006ce900000, 0x00000006ce900000|
|  46|0x00000006cea00000, 0x00000006cea00000, 0x00000006ceb00000|  0%| F|  |TS  0|AC  0|TAMS 0x00000006cea00000, 0x00000006cea00000|
|  47|0x00000006ceb00000, 0x00000006ceb00000, 0x00000006cec00000|  0%| F|  |TS  0|AC  0|TAMS 0x00000006ceb00000, 0x00000006ceb00000|
|  48|0x00000006cec00000, 0x00000006cec00000, 0x00000006ced00000|  0%| F|  |TS  0|AC  0|TAMS 0x00000006cec00000, 0x00000006cec00000|
|  49|0x00000006ced00000, 0x00000006ced00000, 0x00000006cee00000|  0%| F|  |TS  0|AC  0|TAMS 0x00000006ced00000, 0x00000006ced00000|
|  50|0x00000006cee00000, 0x00000006cee00000, 0x00000006cef00000|  0%| F|  |TS  0|AC  0|TAMS 0x00000006cee00000, 0x00000006cee00000|
|  51|0x00000006cef00000, 0x00000006cef00000, 0x00000006cf000000|  0%| F|  |TS  0|AC  0|TAMS 0x00000006cef00000, 0x00000006cef00000|
|  52|0x00000006cf000000, 0x00000006cf000000, 0x00000006cf100000|  0%| F|  |TS  0|AC  0|TAMS 0x00000006cf000000, 0x00000006cf000000|
|  53|0x00000006cf100000, 0x00000006cf100000, 0x00000006cf200000|  0%| F|  |TS  0|AC  0|TAMS 0x00000006cf100000, 0x00000006cf100000|
|  54|0x00000006cf200000, 0x00000006cf200000, 0x00000006cf300000|  0%| F|  |TS  0|AC  0|TAMS 0x00000006cf200000, 0x00000006cf200000|
|  55|0x00000006cf300000, 0x00000006cf300000, 0x00000006cf400000|  0%| F|  |TS  0|AC  0|TAMS 0x00000006cf300000, 0x00000006cf300000|
|  56|0x00000006cf400000, 0x00000006cf400000, 0x00000006cf500000|  0%| F|  |TS  0|AC  0|TAMS 0x00000006cf400000, 0x00000006cf400000|
|  57|0x00000006cf500000, 0x00000006cf500000, 0x00000006cf600000|  0%| F|  |TS  0|AC  0|TAMS 0x00000006cf500000, 0x00000006cf500000|
|  58|0x00000006cf600000, 0x00000006cf600000, 0x00000006cf700000|  0%| F|  |TS  0|AC  0|TAMS 0x00000006cf600000, 0x00000006cf600000|
|  59|0x00000006cf700000, 0x00000006cf700000, 0x00000006cf800000|  0%| F|  |TS  0|AC  0|TAMS 0x00000006cf700000, 0x00000006cf700000|
|  60|0x00000006cf800000, 0x00000006cf800000, 0x00000006cf900000|  0%| F|  |TS  0|AC  0|TAMS 0x00000006cf800000, 0x00000006cf800000|
|  61|0x00000006cf900000, 0x00000006cf900000, 0x00000006cfa00000|  0%| F|  |TS  0|AC  0|TAMS 0x00000006cf900000, 0x00000006cf900000|
|  62|0x00000006cfa00000, 0x00000006cfa00000, 0x00000006cfb00000|  0%| F|  |TS  0|AC  0|TAMS 0x00000006cfa00000, 0x00000006cfa00000|
|  63|0x00000006cfb00000, 0x00000006cfb00000, 0x00000006cfc00000|  0%| F|  |TS  0|AC  0|TAMS 0x00000006cfb00000, 0x00000006cfb00000|
|  64|0x00000006cfc00000, 0x00000006cfc00000, 0x00000006cfd00000|  0%| F|  |TS  0|AC  0|TAMS 0x00000006cfc00000, 0x00000006cfc00000|
|  65|0x00000006cfd00000, 0x00000006cfd00000, 0x00000006cfe00000|  0%| F|  |TS  0|AC  0|TAMS 0x00000006cfd00000, 0x00000006cfd00000|
|  66|0x00000006cfe00000, 0x00000006cfe00000, 0x00000006cff00000|  0%| F|  |TS  0|AC  0|TAMS 0x00000006cfe00000, 0x00000006cfe00000|
|  67|0x00000006cff00000, 0x00000006cff00000, 0x00000006d0000000|  0%| F|  |TS  0|AC  0|TAMS 0x00000006cff00000, 0x00000006cff00000|
|  68|0x00000006d0000000, 0x00000006d0000000, 0x00000006d0100000|  0%| F|  |TS  0|AC  0|TAMS 0x00000006d0000000, 0x00000006d0000000|
|  69|0x00000006d0100000, 0x00000006d0100000, 0x00000006d0200000|  0%| F|  |TS  0|AC  0|TAMS 0x00000006d0100000, 0x00000006d0100000|
|  70|0x00000006d0200000, 0x00000006d0200000, 0x00000006d0300000|  0%| F|  |TS  0|AC  0|TAMS 0x00000006d0200000, 0x00000006d0200000|
|  71|0x00000006d0300000, 0x00000006d0300000, 0x00000006d0400000|  0%| F|  |TS  0|AC  0|TAMS 0x00000006d0300000, 0x00000006d0300000|
|  72|0x00000006d0400000, 0x00000006d0400000, 0x00000006d0500000|  0%| F|  |TS  0|AC  0|TAMS 0x00000006d0400000, 0x00000006d0400000|
|  73|0x00000006d0500000, 0x00000006d0500000, 0x00000006d0600000|  0%| F|  |TS  0|AC  0|TAMS 0x00000006d0500000, 0x00000006d0500000|
|  74|0x00000006d0600000, 0x00000006d0600000, 0x00000006d0700000|  0%| F|  |TS  0|AC  0|TAMS 0x00000006d0600000, 0x00000006d0600000|
|  75|0x00000006d0700000, 0x00000006d0700000, 0x00000006d0800000|  0%| F|  |TS  0|AC  0|TAMS 0x00000006d0700000, 0x00000006d0700000|
|  76|0x00000006d0800000, 0x00000006d0800000, 0x00000006d0900000|  0%| F|  |TS  0|AC  0|TAMS 0x00000006d0800000, 0x00000006d0800000|
|  77|0x00000006d0900000, 0x00000006d0900000, 0x00000006d0a00000|  0%| F|  |TS  0|AC  0|TAMS 0x00000006d0900000, 0x00000006d0900000|
|  78|0x00000006d0a00000, 0x00000006d0a00000, 0x00000006d0b00000|  0%| F|  |TS  0|AC  0|TAMS 0x00000006d0a00000, 0x00000006d0a00000|
|  79|0x00000006d0b00000, 0x00000006d0b00000, 0x00000006d0c00000|  0%| F|  |TS  0|AC  0|TAMS 0x00000006d0b00000, 0x00000006d0b00000|
|  80|0x00000006d0c00000, 0x00000006d0c00000, 0x00000006d0d00000|  0%| F|  |TS  0|AC  0|TAMS 0x00000006d0c00000, 0x00000006d0c00000|
|  81|0x00000006d0d00000, 0x00000006d0d00000, 0x00000006d0e00000|  0%| F|  |TS  0|AC  0|TAMS 0x00000006d0d00000, 0x00000006d0d00000|
|  82|0x00000006d0e00000, 0x00000006d0e00000, 0x00000006d0f00000|  0%| F|  |TS  0|AC  0|TAMS 0x00000006d0e00000, 0x00000006d0e00000|
|  83|0x00000006d0f00000, 0x00000006d0f00000, 0x00000006d1000000|  0%| F|  |TS  0|AC  0|TAMS 0x00000006d0f00000, 0x00000006d0f00000|
|  84|0x00000006d1000000, 0x00000006d1000000, 0x00000006d1100000|  0%| F|  |TS  0|AC  0|TAMS 0x00000006d1000000, 0x00000006d1000000|
|  85|0x00000006d1100000, 0x00000006d1100000, 0x00000006d1200000|  0%| F|  |TS  0|AC  0|TAMS 0x00000006d1100000, 0x00000006d1100000|
|  86|0x00000006d1200000, 0x00000006d1200000, 0x00000006d1300000|  0%| F|  |TS  0|AC  0|TAMS 0x00000006d1200000, 0x00000006d1200000|
|  87|0x00000006d1300000, 0x00000006d1300000, 0x00000006d1400000|  0%| F|  |TS  0|AC  0|TAMS 0x00000006d1300000, 0x00000006d1300000|
|  88|0x00000006d1400000, 0x00000006d1400000, 0x00000006d1500000|  0%| F|  |TS  0|AC  0|TAMS 0x00000006d1400000, 0x00000006d1400000|
|  89|0x00000006d1500000, 0x00000006d1500000, 0x00000006d1600000|  0%| F|  |TS  0|AC  0|TAMS 0x00000006d1500000, 0x00000006d1500000|
|  90|0x00000006d1600000, 0x00000006d1600000, 0x00000006d1700000|  0%| F|  |TS  0|AC  0|TAMS 0x00000006d1600000, 0x00000006d1600000|
|  91|0x00000006d1700000, 0x00000006d1700000, 0x00000006d1800000|  0%| F|  |TS  0|AC  0|TAMS 0x00000006d1700000, 0x00000006d1700000|
|  92|0x00000006d1800000, 0x00000006d1800000, 0x00000006d1900000|  0%| F|  |TS  0|AC  0|TAMS 0x00000006d1800000, 0x00000006d1800000|
|  93|0x00000006d1900000, 0x00000006d1900000, 0x00000006d1a00000|  0%| F|  |TS  0|AC  0|TAMS 0x00000006d1900000, 0x00000006d1900000|
|  94|0x00000006d1a00000, 0x00000006d1a00000, 0x00000006d1b00000|  0%| F|  |TS  0|AC  0|TAMS 0x00000006d1a00000, 0x00000006d1a00000|
|  95|0x00000006d1b00000, 0x00000006d1b00000, 0x00000006d1c00000|  0%| F|  |TS  0|AC  0|TAMS 0x00000006d1b00000, 0x00000006d1b00000|
|  96|0x00000006d1c00000, 0x00000006d1c00000, 0x00000006d1d00000|  0%| F|  |TS  0|AC  0|TAMS 0x00000006d1c00000, 0x00000006d1c00000|
|  97|0x00000006d1d00000, 0x00000006d1d00000, 0x00000006d1e00000|  0%| F|  |TS  0|AC  0|TAMS 0x00000006d1d00000, 0x00000006d1d00000|
|  98|0x00000006d1e00000, 0x00000006d1e00000, 0x00000006d1f00000|  0%| F|  |TS  0|AC  0|TAMS 0x00000006d1e00000, 0x00000006d1e00000|
|  99|0x00000006d1f00000, 0x00000006d1f00000, 0x00000006d2000000|  0%| F|  |TS  0|AC  0|TAMS 0x00000006d1f00000, 0x00000006d1f00000|
| 100|0x00000006d2000000, 0x00000006d2000000, 0x00000006d2100000|  0%| F|  |TS  0|AC  0|TAMS 0x00000006d2000000, 0x00000006d2000000|
| 101|0x00000006d2100000, 0x00000006d2100000, 0x00000006d2200000|  0%| F|  |TS  0|AC  0|TAMS 0x00000006d2100000, 0x00000006d2100000|
| 102|0x00000006d2200000, 0x00000006d2200000, 0x00000006d2300000|  0%| F|  |TS  0|AC  0|TAMS 0x00000006d2200000, 0x00000006d2200000|
| 103|0x00000006d2300000, 0x00000006d2300000, 0x00000006d2400000|  0%| F|  |TS  0|AC  0|TAMS 0x00000006d2300000, 0x00000006d2300000|
| 104|0x00000006d2400000, 0x00000006d2400000, 0x00000006d2500000|  0%| F|  |TS  0|AC  0|TAMS 0x00000006d2400000, 0x00000006d2400000|
| 105|0x00000006d2500000, 0x00000006d2500000, 0x00000006d2600000|  0%| F|  |TS  0|AC  0|TAMS 0x00000006d2500000, 0x00000006d2500000|
| 106|0x00000006d2600000, 0x00000006d2600000, 0x00000006d2700000|  0%| F|  |TS  0|AC  0|TAMS 0x00000006d2600000, 0x00000006d2600000|
| 107|0x00000006d2700000, 0x00000006d2700000, 0x00000006d2800000|  0%| F|  |TS  0|AC  0|TAMS 0x00000006d2700000, 0x00000006d2700000|
| 108|0x00000006d2800000, 0x00000006d2800000, 0x00000006d2900000|  0%| F|  |TS  0|AC  0|TAMS 0x00000006d2800000, 0x00000006d2800000|
| 109|0x00000006d2900000, 0x00000006d2900000, 0x00000006d2a00000|  0%| F|  |TS  0|AC  0|TAMS 0x00000006d2900000, 0x00000006d2900000|
| 110|0x00000006d2a00000, 0x00000006d2a00000, 0x00000006d2b00000|  0%| F|  |TS  0|AC  0|TAMS 0x00000006d2a00000, 0x00000006d2a00000|
| 111|0x00000006d2b00000, 0x00000006d2b00000, 0x00000006d2c00000|  0%| F|  |TS  0|AC  0|TAMS 0x00000006d2b00000, 0x00000006d2b00000|
| 112|0x00000006d2c00000, 0x00000006d2c00000, 0x00000006d2d00000|  0%| F|  |TS  0|AC  0|TAMS 0x00000006d2c00000, 0x00000006d2c00000|
| 113|0x00000006d2d00000, 0x00000006d2d00000, 0x00000006d2e00000|  0%| F|  |TS  0|AC  0|TAMS 0x00000006d2d00000, 0x00000006d2d00000|
| 114|0x00000006d2e00000, 0x00000006d2e00000, 0x00000006d2f00000|  0%| F|  |TS  0|AC  0|TAMS 0x00000006d2e00000, 0x00000006d2e00000|
| 115|0x00000006d2f00000, 0x00000006d2f00000, 0x00000006d3000000|  0%| F|  |TS  0|AC  0|TAMS 0x00000006d2f00000, 0x00000006d2f00000|
| 116|0x00000006d3000000, 0x00000006d3000000, 0x00000006d3100000|  0%| F|  |TS  0|AC  0|TAMS 0x00000006d3000000, 0x00000006d3000000|
| 117|0x00000006d3100000, 0x00000006d3100000, 0x00000006d3200000|  0%| F|  |TS  0|AC  0|TAMS 0x00000006d3100000, 0x00000006d3100000|
| 118|0x00000006d3200000, 0x00000006d3200000, 0x00000006d3300000|  0%| F|  |TS  0|AC  0|TAMS 0x00000006d3200000, 0x00000006d3200000|
| 119|0x00000006d3300000, 0x00000006d3300000, 0x00000006d3400000|  0%| F|  |TS  0|AC  0|TAMS 0x00000006d3300000, 0x00000006d3300000|
| 120|0x00000006d3400000, 0x00000006d3400000, 0x00000006d3500000|  0%| F|  |TS  0|AC  0|TAMS 0x00000006d3400000, 0x00000006d3400000|
| 121|0x00000006d3500000, 0x00000006d3500000, 0x00000006d3600000|  0%| F|  |TS  0|AC  0|TAMS 0x00000006d3500000, 0x00000006d3500000|
| 122|0x00000006d3600000, 0x00000006d3600000, 0x00000006d3700000|  0%| F|  |TS  0|AC  0|TAMS 0x00000006d3600000, 0x00000006d3600000|
| 123|0x00000006d3700000, 0x00000006d3700000, 0x00000006d3800000|  0%| F|  |TS  0|AC  0|TAMS 0x00000006d3700000, 0x00000006d3700000|
| 124|0x00000006d3800000, 0x00000006d3800000, 0x00000006d3900000|  0%| F|  |TS  0|AC  0|TAMS 0x00000006d3800000, 0x00000006d3800000|
| 125|0x00000006d3900000, 0x00000006d3900000, 0x00000006d3a00000|  0%| F|  |TS  0|AC  0|TAMS 0x00000006d3900000, 0x00000006d3900000|
| 126|0x00000006d3a00000, 0x00000006d3a00000, 0x00000006d3b00000|  0%| F|  |TS  0|AC  0|TAMS 0x00000006d3a00000, 0x00000006d3a00000|
| 127|0x00000006d3b00000, 0x00000006d3b00000, 0x00000006d3c00000|  0%| F|  |TS  0|AC  0|TAMS 0x00000006d3b00000, 0x00000006d3b00000|
| 128|0x00000006d3c00000, 0x00000006d3c00000, 0x00000006d3d00000|  0%| F|  |TS  0|AC  0|TAMS 0x00000006d3c00000, 0x00000006d3c00000|
| 129|0x00000006d3d00000, 0x00000006d3d00000, 0x00000006d3e00000|  0%| F|  |TS  0|AC  0|TAMS 0x00000006d3d00000, 0x00000006d3d00000|
| 130|0x00000006d3e00000, 0x00000006d3e00000, 0x00000006d3f00000|  0%| F|  |TS  0|AC  0|TAMS 0x00000006d3e00000, 0x00000006d3e00000|
| 131|0x00000006d3f00000, 0x00000006d3f00000, 0x00000006d4000000|  0%| F|  |TS  0|AC  0|TAMS 0x00000006d3f00000, 0x00000006d3f00000|
| 132|0x00000006d4000000, 0x00000006d4000000, 0x00000006d4100000|  0%| F|  |TS  0|AC  0|TAMS 0x00000006d4000000, 0x00000006d4000000|
| 133|0x00000006d4100000, 0x00000006d4100000, 0x00000006d4200000|  0%| F|  |TS  0|AC  0|TAMS 0x00000006d4100000, 0x00000006d4100000|
| 134|0x00000006d4200000, 0x00000006d4200000, 0x00000006d4300000|  0%| F|  |TS  0|AC  0|TAMS 0x00000006d4200000, 0x00000006d4200000|
| 135|0x00000006d4300000, 0x00000006d4300000, 0x00000006d4400000|  0%| F|  |TS  0|AC  0|TAMS 0x00000006d4300000, 0x00000006d4300000|
| 136|0x00000006d4400000, 0x00000006d4400000, 0x00000006d4500000|  0%| F|  |TS  0|AC  0|TAMS 0x00000006d4400000, 0x00000006d4400000|
| 137|0x00000006d4500000, 0x00000006d4500000, 0x00000006d4600000|  0%| F|  |TS  0|AC  0|TAMS 0x00000006d4500000, 0x00000006d4500000|
| 138|0x00000006d4600000, 0x00000006d4600000, 0x00000006d4700000|  0%| F|  |TS  0|AC  0|TAMS 0x00000006d4600000, 0x00000006d4600000|
| 139|0x00000006d4700000, 0x00000006d4700000, 0x00000006d4800000|  0%| F|  |TS  0|AC  0|TAMS 0x00000006d4700000, 0x00000006d4700000|
| 140|0x00000006d4800000, 0x00000006d4800000, 0x00000006d4900000|  0%| F|  |TS  0|AC  0|TAMS 0x00000006d4800000, 0x00000006d4800000|
| 141|0x00000006d4900000, 0x00000006d4900000, 0x00000006d4a00000|  0%| F|  |TS  0|AC  0|TAMS 0x00000006d4900000, 0x00000006d4900000|
| 142|0x00000006d4a00000, 0x00000006d4a00000, 0x00000006d4b00000|  0%| F|  |TS  0|AC  0|TAMS 0x00000006d4a00000, 0x00000006d4a00000|
| 143|0x00000006d4b00000, 0x00000006d4b00000, 0x00000006d4c00000|  0%| F|  |TS  0|AC  0|TAMS 0x00000006d4b00000, 0x00000006d4b00000|
| 144|0x00000006d4c00000, 0x00000006d4c00000, 0x00000006d4d00000|  0%| F|  |TS  0|AC  0|TAMS 0x00000006d4c00000, 0x00000006d4c00000|
| 145|0x00000006d4d00000, 0x00000006d4d00000, 0x00000006d4e00000|  0%| F|  |TS  0|AC  0|TAMS 0x00000006d4d00000, 0x00000006d4d00000|
| 146|0x00000006d4e00000, 0x00000006d4e00000, 0x00000006d4f00000|  0%| F|  |TS  0|AC  0|TAMS 0x00000006d4e00000, 0x00000006d4e00000|
| 147|0x00000006d4f00000, 0x00000006d4f00000, 0x00000006d5000000|  0%| F|  |TS  0|AC  0|TAMS 0x00000006d4f00000, 0x00000006d4f00000|
| 148|0x00000006d5000000, 0x00000006d5000000, 0x00000006d5100000|  0%| F|  |TS  0|AC  0|TAMS 0x00000006d5000000, 0x00000006d5000000|
| 149|0x00000006d5100000, 0x00000006d5100000, 0x00000006d5200000|  0%| F|  |TS  0|AC  0|TAMS 0x00000006d5100000, 0x00000006d5100000|
| 150|0x00000006d5200000, 0x00000006d5200000, 0x00000006d5300000|  0%| F|  |TS  0|AC  0|TAMS 0x00000006d5200000, 0x00000006d5200000|
| 151|0x00000006d5300000, 0x00000006d5300000, 0x00000006d5400000|  0%| F|  |TS  0|AC  0|TAMS 0x00000006d5300000, 0x00000006d5300000|
| 152|0x00000006d5400000, 0x00000006d5400000, 0x00000006d5500000|  0%| F|  |TS  0|AC  0|TAMS 0x00000006d5400000, 0x00000006d5400000|
| 153|0x00000006d5500000, 0x00000006d5500000, 0x00000006d5600000|  0%| F|  |TS  0|AC  0|TAMS 0x00000006d5500000, 0x00000006d5500000|
| 154|0x00000006d5600000, 0x00000006d5600000, 0x00000006d5700000|  0%| F|  |TS  0|AC  0|TAMS 0x00000006d5600000, 0x00000006d5600000|
| 155|0x00000006d5700000, 0x00000006d5700000, 0x00000006d5800000|  0%| F|  |TS  0|AC  0|TAMS 0x00000006d5700000, 0x00000006d5700000|
| 156|0x00000006d5800000, 0x00000006d5800000, 0x00000006d5900000|  0%| F|  |TS  0|AC  0|TAMS 0x00000006d5800000, 0x00000006d5800000|
| 157|0x00000006d5900000, 0x00000006d5900000, 0x00000006d5a00000|  0%| F|  |TS  0|AC  0|TAMS 0x00000006d5900000, 0x00000006d5900000|
| 158|0x00000006d5a00000, 0x00000006d5a00000, 0x00000006d5b00000|  0%| F|  |TS  0|AC  0|TAMS 0x00000006d5a00000, 0x00000006d5a00000|
| 159|0x00000006d5b00000, 0x00000006d5b00000, 0x00000006d5c00000|  0%| F|  |TS  0|AC  0|TAMS 0x00000006d5b00000, 0x00000006d5b00000|
| 160|0x00000006d5c00000, 0x00000006d5c00000, 0x00000006d5d00000|  0%| F|  |TS  0|AC  0|TAMS 0x00000006d5c00000, 0x00000006d5c00000|
| 161|0x00000006d5d00000, 0x00000006d5d00000, 0x00000006d5e00000|  0%| F|  |TS  0|AC  0|TAMS 0x00000006d5d00000, 0x00000006d5d00000|
| 162|0x00000006d5e00000, 0x00000006d5e00000, 0x00000006d5f00000|  0%| F|  |TS  0|AC  0|TAMS 0x00000006d5e00000, 0x00000006d5e00000|
| 163|0x00000006d5f00000, 0x00000006d5f00000, 0x00000006d6000000|  0%| F|  |TS  0|AC  0|TAMS 0x00000006d5f00000, 0x00000006d5f00000|
| 164|0x00000006d6000000, 0x00000006d6000000, 0x00000006d6100000|  0%| F|  |TS  0|AC  0|TAMS 0x00000006d6000000, 0x00000006d6000000|
| 165|0x00000006d6100000, 0x00000006d6100000, 0x00000006d6200000|  0%| F|  |TS  0|AC  0|TAMS 0x00000006d6100000, 0x00000006d6100000|
| 166|0x00000006d6200000, 0x00000006d6200000, 0x00000006d6300000|  0%| F|  |TS  0|AC  0|TAMS 0x00000006d6200000, 0x00000006d6200000|
| 167|0x00000006d6300000, 0x00000006d6300000, 0x00000006d6400000|  0%| F|  |TS  0|AC  0|TAMS 0x00000006d6300000, 0x00000006d6300000|
| 168|0x00000006d6400000, 0x00000006d6400000, 0x00000006d6500000|  0%| F|  |TS  0|AC  0|TAMS 0x00000006d6400000, 0x00000006d6400000|
| 169|0x00000006d6500000, 0x00000006d6500000, 0x00000006d6600000|  0%| F|  |TS  0|AC  0|TAMS 0x00000006d6500000, 0x00000006d6500000|
| 170|0x00000006d6600000, 0x00000006d6600000, 0x00000006d6700000|  0%| F|  |TS  0|AC  0|TAMS 0x00000006d6600000, 0x00000006d6600000|
| 171|0x00000006d6700000, 0x00000006d6700000, 0x00000006d6800000|  0%| F|  |TS  0|AC  0|TAMS 0x00000006d6700000, 0x00000006d6700000|
| 172|0x00000006d6800000, 0x00000006d6800000, 0x00000006d6900000|  0%| F|  |TS  0|AC  0|TAMS 0x00000006d6800000, 0x00000006d6800000|
| 173|0x00000006d6900000, 0x00000006d6900000, 0x00000006d6a00000|  0%| F|  |TS  0|AC  0|TAMS 0x00000006d6900000, 0x00000006d6900000|
| 174|0x00000006d6a00000, 0x00000006d6a00000, 0x00000006d6b00000|  0%| F|  |TS  0|AC  0|TAMS 0x00000006d6a00000, 0x00000006d6a00000|
| 175|0x00000006d6b00000, 0x00000006d6b00000, 0x00000006d6c00000|  0%| F|  |TS  0|AC  0|TAMS 0x00000006d6b00000, 0x00000006d6b00000|
| 176|0x00000006d6c00000, 0x00000006d6c00000, 0x00000006d6d00000|  0%| F|  |TS  0|AC  0|TAMS 0x00000006d6c00000, 0x00000006d6c00000|
| 177|0x00000006d6d00000, 0x00000006d6d00000, 0x00000006d6e00000|  0%| F|  |TS  0|AC  0|TAMS 0x00000006d6d00000, 0x00000006d6d00000|
| 178|0x00000006d6e00000, 0x00000006d6e00000, 0x00000006d6f00000|  0%| F|  |TS  0|AC  0|TAMS 0x00000006d6e00000, 0x00000006d6e00000|
| 179|0x00000006d6f00000, 0x00000006d6f00000, 0x00000006d7000000|  0%| F|  |TS  0|AC  0|TAMS 0x00000006d6f00000, 0x00000006d6f00000|
| 180|0x00000006d7000000, 0x00000006d7000000, 0x00000006d7100000|  0%| F|  |TS  0|AC  0|TAMS 0x00000006d7000000, 0x00000006d7000000|
| 181|0x00000006d7100000, 0x00000006d7100000, 0x00000006d7200000|  0%| F|  |TS  0|AC  0|TAMS 0x00000006d7100000, 0x00000006d7100000|
| 182|0x00000006d7200000, 0x00000006d7200000, 0x00000006d7300000|  0%| F|  |TS  0|AC  0|TAMS 0x00000006d7200000, 0x00000006d7200000|
| 183|0x00000006d7300000, 0x00000006d7300000, 0x00000006d7400000|  0%| F|  |TS  0|AC  0|TAMS 0x00000006d7300000, 0x00000006d7300000|
| 184|0x00000006d7400000, 0x00000006d7400000, 0x00000006d7500000|  0%| F|  |TS  0|AC  0|TAMS 0x00000006d7400000, 0x00000006d7400000|
| 185|0x00000006d7500000, 0x00000006d7500000, 0x00000006d7600000|  0%| F|  |TS  0|AC  0|TAMS 0x00000006d7500000, 0x00000006d7500000|
| 186|0x00000006d7600000, 0x00000006d7600000, 0x00000006d7700000|  0%| F|  |TS  0|AC  0|TAMS 0x00000006d7600000, 0x00000006d7600000|
| 187|0x00000006d7700000, 0x00000006d7700000, 0x00000006d7800000|  0%| F|  |TS  0|AC  0|TAMS 0x00000006d7700000, 0x00000006d7700000|
| 188|0x00000006d7800000, 0x00000006d7800000, 0x00000006d7900000|  0%| F|  |TS  0|AC  0|TAMS 0x00000006d7800000, 0x00000006d7800000|
| 189|0x00000006d7900000, 0x00000006d7900000, 0x00000006d7a00000|  0%| F|  |TS  0|AC  0|TAMS 0x00000006d7900000, 0x00000006d7900000|
| 190|0x00000006d7a00000, 0x00000006d7a00000, 0x00000006d7b00000|  0%| F|  |TS  0|AC  0|TAMS 0x00000006d7a00000, 0x00000006d7a00000|
| 191|0x00000006d7b00000, 0x00000006d7b00000, 0x00000006d7c00000|  0%| F|  |TS  0|AC  0|TAMS 0x00000006d7b00000, 0x00000006d7b00000|
| 192|0x00000006d7c00000, 0x00000006d7c00000, 0x00000006d7d00000|  0%| F|  |TS  0|AC  0|TAMS 0x00000006d7c00000, 0x00000006d7c00000|
| 193|0x00000006d7d00000, 0x00000006d7d00000, 0x00000006d7e00000|  0%| F|  |TS  0|AC  0|TAMS 0x00000006d7d00000, 0x00000006d7d00000|
| 194|0x00000006d7e00000, 0x00000006d7e00000, 0x00000006d7f00000|  0%| F|  |TS  0|AC  0|TAMS 0x00000006d7e00000, 0x00000006d7e00000|
| 195|0x00000006d7f00000, 0x00000006d7f00000, 0x00000006d8000000|  0%| F|  |TS  0|AC  0|TAMS 0x00000006d7f00000, 0x00000006d7f00000|
| 196|0x00000006d8000000, 0x00000006d8000000, 0x00000006d8100000|  0%| F|  |TS  0|AC  0|TAMS 0x00000006d8000000, 0x00000006d8000000|
| 197|0x00000006d8100000, 0x00000006d8100000, 0x00000006d8200000|  0%| F|  |TS  0|AC  0|TAMS 0x00000006d8100000, 0x00000006d8100000|
| 198|0x00000006d8200000, 0x00000006d8200000, 0x00000006d8300000|  0%| F|  |TS  0|AC  0|TAMS 0x00000006d8200000, 0x00000006d8200000|
| 199|0x00000006d8300000, 0x00000006d8300000, 0x00000006d8400000|  0%| F|  |TS  0|AC  0|TAMS 0x00000006d8300000, 0x00000006d8300000|
| 200|0x00000006d8400000, 0x00000006d8400000, 0x00000006d8500000|  0%| F|  |TS  0|AC  0|TAMS 0x00000006d8400000, 0x00000006d8400000|
| 201|0x00000006d8500000, 0x00000006d8500000, 0x00000006d8600000|  0%| F|  |TS  0|AC  0|TAMS 0x00000006d8500000, 0x00000006d8500000|
| 202|0x00000006d8600000, 0x00000006d8600000, 0x00000006d8700000|  0%| F|  |TS  0|AC  0|TAMS 0x00000006d8600000, 0x00000006d8600000|
| 203|0x00000006d8700000, 0x00000006d8700000, 0x00000006d8800000|  0%| F|  |TS  0|AC  0|TAMS 0x00000006d8700000, 0x00000006d8700000|
| 204|0x00000006d8800000, 0x00000006d8800000, 0x00000006d8900000|  0%| F|  |TS  0|AC  0|TAMS 0x00000006d8800000, 0x00000006d8800000|
| 205|0x00000006d8900000, 0x00000006d8900000, 0x00000006d8a00000|  0%| F|  |TS  0|AC  0|TAMS 0x00000006d8900000, 0x00000006d8900000|
| 206|0x00000006d8a00000, 0x00000006d8a00000, 0x00000006d8b00000|  0%| F|  |TS  0|AC  0|TAMS 0x00000006d8a00000, 0x00000006d8a00000|
| 207|0x00000006d8b00000, 0x00000006d8b00000, 0x00000006d8c00000|  0%| F|  |TS  0|AC  0|TAMS 0x00000006d8b00000, 0x00000006d8b00000|
| 208|0x00000006d8c00000, 0x00000006d8c00000, 0x00000006d8d00000|  0%| F|  |TS  0|AC  0|TAMS 0x00000006d8c00000, 0x00000006d8c00000|
| 209|0x00000006d8d00000, 0x00000006d8d00000, 0x00000006d8e00000|  0%| F|  |TS  0|AC  0|TAMS 0x00000006d8d00000, 0x00000006d8d00000|
| 210|0x00000006d8e00000, 0x00000006d8e00000, 0x00000006d8f00000|  0%| F|  |TS  0|AC  0|TAMS 0x00000006d8e00000, 0x00000006d8e00000|
| 211|0x00000006d8f00000, 0x00000006d8f00000, 0x00000006d9000000|  0%| F|  |TS  0|AC  0|TAMS 0x00000006d8f00000, 0x00000006d8f00000|
| 212|0x00000006d9000000, 0x00000006d9000000, 0x00000006d9100000|  0%| F|  |TS  0|AC  0|TAMS 0x00000006d9000000, 0x00000006d9000000|
| 213|0x00000006d9100000, 0x00000006d9100000, 0x00000006d9200000|  0%| F|  |TS  0|AC  0|TAMS 0x00000006d9100000, 0x00000006d9100000|
| 214|0x00000006d9200000, 0x00000006d9200000, 0x00000006d9300000|  0%| F|  |TS  0|AC  0|TAMS 0x00000006d9200000, 0x00000006d9200000|
| 215|0x00000006d9300000, 0x00000006d9300000, 0x00000006d9400000|  0%| F|  |TS  0|AC  0|TAMS 0x00000006d9300000, 0x00000006d9300000|
| 216|0x00000006d9400000, 0x00000006d9400000, 0x00000006d9500000|  0%| F|  |TS  0|AC  0|TAMS 0x00000006d9400000, 0x00000006d9400000|
| 217|0x00000006d9500000, 0x00000006d9500000, 0x00000006d9600000|  0%| F|  |TS  0|AC  0|TAMS 0x00000006d9500000, 0x00000006d9500000|
| 218|0x00000006d9600000, 0x00000006d9600000, 0x00000006d9700000|  0%| F|  |TS  0|AC  0|TAMS 0x00000006d9600000, 0x00000006d9600000|
| 219|0x00000006d9700000, 0x00000006d9700000, 0x00000006d9800000|  0%| F|  |TS  0|AC  0|TAMS 0x00000006d9700000, 0x00000006d9700000|
| 220|0x00000006d9800000, 0x00000006d9800000, 0x00000006d9900000|  0%| F|  |TS  0|AC  0|TAMS 0x00000006d9800000, 0x00000006d9800000|
| 221|0x00000006d9900000, 0x00000006d9900000, 0x00000006d9a00000|  0%| F|  |TS  0|AC  0|TAMS 0x00000006d9900000, 0x00000006d9900000|
| 222|0x00000006d9a00000, 0x00000006d9a00000, 0x00000006d9b00000|  0%| F|  |TS  0|AC  0|TAMS 0x00000006d9a00000, 0x00000006d9a00000|
| 223|0x00000006d9b00000, 0x00000006d9b00000, 0x00000006d9c00000|  0%| F|  |TS  0|AC  0|TAMS 0x00000006d9b00000, 0x00000006d9b00000|
| 224|0x00000006d9c00000, 0x00000006d9cf7340, 0x00000006d9d00000| 96%| E|  |TS  0|AC  0|TAMS 0x00000006d9c00000, 0x00000006d9c00000|
| 225|0x00000006d9d00000, 0x00000006d9e00000, 0x00000006d9e00000|100%| E|CS|TS  0|AC  0|TAMS 0x00000006d9d00000, 0x00000006d9d00000|
| 226|0x00000006d9e00000, 0x00000006d9f00000, 0x00000006d9f00000|100%| E|CS|TS  0|AC  0|TAMS 0x00000006d9e00000, 0x00000006d9e00000|
| 227|0x00000006d9f00000, 0x00000006da000000, 0x00000006da000000|100%| E|CS|TS  0|AC  0|TAMS 0x00000006d9f00000, 0x00000006d9f00000|
| 228|0x00000006da000000, 0x00000006da100000, 0x00000006da100000|100%| E|CS|TS  0|AC  0|TAMS 0x00000006da000000, 0x00000006da000000|
| 229|0x00000006da100000, 0x00000006da200000, 0x00000006da200000|100%| E|CS|TS  0|AC  0|TAMS 0x00000006da100000, 0x00000006da100000|
| 230|0x00000006da200000, 0x00000006da300000, 0x00000006da300000|100%| E|CS|TS  0|AC  0|TAMS 0x00000006da200000, 0x00000006da200000|
| 231|0x00000006da300000, 0x00000006da400000, 0x00000006da400000|100%| E|CS|TS  0|AC  0|TAMS 0x00000006da300000, 0x00000006da300000|
| 232|0x00000006da400000, 0x00000006da500000, 0x00000006da500000|100%| E|CS|TS  0|AC  0|TAMS 0x00000006da400000, 0x00000006da400000|
| 233|0x00000006da500000, 0x00000006da600000, 0x00000006da600000|100%| E|CS|TS  0|AC  0|TAMS 0x00000006da500000, 0x00000006da500000|
| 234|0x00000006da600000, 0x00000006da700000, 0x00000006da700000|100%| E|CS|TS  0|AC  0|TAMS 0x00000006da600000, 0x00000006da600000|
| 235|0x00000006da700000, 0x00000006da800000, 0x00000006da800000|100%| E|CS|TS  0|AC  0|TAMS 0x00000006da700000, 0x00000006da700000|
| 236|0x00000006da800000, 0x00000006da900000, 0x00000006da900000|100%| E|CS|TS  0|AC  0|TAMS 0x00000006da800000, 0x00000006da800000|
| 237|0x00000006da900000, 0x00000006daa00000, 0x00000006daa00000|100%| E|CS|TS  0|AC  0|TAMS 0x00000006da900000, 0x00000006da900000|
| 238|0x00000006daa00000, 0x00000006dab00000, 0x00000006dab00000|100%| E|CS|TS  0|AC  0|TAMS 0x00000006daa00000, 0x00000006daa00000|
| 239|0x00000006dab00000, 0x00000006dac00000, 0x00000006dac00000|100%| E|CS|TS  0|AC  0|TAMS 0x00000006dab00000, 0x00000006dab00000|
| 240|0x00000006dac00000, 0x00000006dad00000, 0x00000006dad00000|100%| E|CS|TS  0|AC  0|TAMS 0x00000006dac00000, 0x00000006dac00000|
| 241|0x00000006dad00000, 0x00000006dae00000, 0x00000006dae00000|100%| E|CS|TS  0|AC  0|TAMS 0x00000006dad00000, 0x00000006dad00000|
| 242|0x00000006dae00000, 0x00000006daf00000, 0x00000006daf00000|100%| E|CS|TS  0|AC  0|TAMS 0x00000006dae00000, 0x00000006dae00000|
| 243|0x00000006daf00000, 0x00000006db000000, 0x00000006db000000|100%| E|CS|TS  0|AC  0|TAMS 0x00000006daf00000, 0x00000006daf00000|
| 244|0x00000006db000000, 0x00000006db100000, 0x00000006db100000|100%| E|CS|TS  0|AC  0|TAMS 0x00000006db000000, 0x00000006db000000|
| 245|0x00000006db100000, 0x00000006db200000, 0x00000006db200000|100%| E|CS|TS  0|AC  0|TAMS 0x00000006db100000, 0x00000006db100000|

Card table byte_map: [0x0000025ab6ac0000,0x0000025ab7270000] byte_map_base: 0x0000025ab3462000

Marking Bits (Prev, Next): (CMBitMap*) 0x0000025a9b03ae30, (CMBitMap*) 0x0000025a9b03ae68
 Prev Bits: [0x0000025ab7a20000, 0x0000025abb730000)
 Next Bits: [0x0000025abb730000, 0x0000025abf440000)

Polling page: 0x0000025a99400000

CodeHeap 'non-profiled nmethods': size=119168Kb used=501Kb max_used=501Kb free=118666Kb
 bounds [0x0000025aadef0000, 0x0000025aae160000, 0x0000025ab5350000]
CodeHeap 'profiled nmethods': size=119168Kb used=2566Kb max_used=2566Kb free=116601Kb
 bounds [0x0000025aa6a90000, 0x0000025aa6d20000, 0x0000025aadef0000]
CodeHeap 'non-nmethods': size=7424Kb used=2882Kb max_used=2895Kb free=4541Kb
 bounds [0x0000025aa6350000, 0x0000025aa6630000, 0x0000025aa6a90000]
 total_blobs=2269 nmethods=1419 adapters=461
 compilation: enabled

Compilation events (10 events):
Event: 0.666 Thread 0x0000025ac2ef9800 nmethod 1417 0x0000025aa6d10e90 code [0x0000025aa6d11040, 0x0000025aa6d11218]
Event: 0.667 Thread 0x0000025ac2f02800 1419       3       java.awt.geom.Point2D$Float::setLocation (13 bytes)
Event: 0.667 Thread 0x0000025ac2f02800 nmethod 1419 0x0000025aa6d11310 code [0x0000025aa6d114c0, 0x0000025aa6d11638]
Event: 0.667 Thread 0x0000025ac2e74000 nmethod 1412 0x0000025aadf6c790 code [0x0000025aadf6c920, 0x0000025aadf6cd78]
Event: 0.671 Thread 0x0000025ac2f35000 1420       3       sun.util.locale.LocaleUtils::isUpper (18 bytes)
Event: 0.671 Thread 0x0000025ac2f35000 nmethod 1420 0x0000025aa6d11710 code [0x0000025aa6d118c0, 0x0000025aa6d11a98]
Event: 0.679 Thread 0x0000025ac2ef9800 1421       1       java.util.concurrent.locks.AbstractQueuedSynchronizer::getState (5 bytes)
Event: 0.679 Thread 0x0000025ac2f23800 1422       1       java.util.concurrent.locks.AbstractOwnableSynchronizer::setExclusiveOwnerThread (6 bytes)
Event: 0.679 Thread 0x0000025ac2ef9800 nmethod 1421 0x0000025aadf6cf10 code [0x0000025aadf6d0c0, 0x0000025aadf6d1d8]
Event: 0.679 Thread 0x0000025ac2f23800 nmethod 1422 0x0000025aadf6d290 code [0x0000025aadf6d440, 0x0000025aadf6d5b8]

GC Heap History (0 events):
No events

Deoptimization events (10 events):
Event: 0.359 Thread 0x0000025a9afac800 Uncommon trap: reason=unstable_if action=reinterpret pc=0x0000025aadf01030 method=java.lang.String.equals(Ljava/lang/Object;)Z @ 27 c2
Event: 0.368 Thread 0x0000025a9afac800 Uncommon trap: reason=unstable_if action=reinterpret pc=0x0000025aadef6990 method=java.lang.String.isLatin1()Z @ 10 c2
Event: 0.369 Thread 0x0000025ac3649800 Uncommon trap: reason=class_check action=maybe_recompile pc=0x0000025aadf05b64 method=java.util.HashMap.putVal(ILjava/lang/Object;Ljava/lang/Object;ZZ)Ljava/lang/Object; @ 91 c2
Event: 0.369 Thread 0x0000025ac3649800 Uncommon trap: reason=class_check action=maybe_recompile pc=0x0000025aadf05b64 method=java.util.HashMap.putVal(ILjava/lang/Object;Ljava/lang/Object;ZZ)Ljava/lang/Object; @ 91 c2
Event: 0.415 Thread 0x0000025a9afac800 Uncommon trap: reason=unstable_if action=reinterpret pc=0x0000025aadf2f5ac method=java.util.concurrent.ConcurrentHashMap.get(Ljava/lang/Object;)Ljava/lang/Object; @ 138 c2
Event: 0.485 Thread 0x0000025ac80d7800 Uncommon trap: reason=unstable_if action=reinterpret pc=0x0000025aadf4da24 method=java.lang.String.equals(Ljava/lang/Object;)Z @ 34 c2
Event: 0.502 Thread 0x0000025ac80d7800 Uncommon trap: reason=unstable_if action=reinterpret pc=0x0000025aadf55758 method=java.lang.StringLatin1.toLowerCase(Ljava/lang/String;[BLjava/util/Locale;)Ljava/lang/String; @ 40 c2
Event: 0.552 Thread 0x0000025ac80d7800 Uncommon trap: reason=unstable_if action=reinterpret pc=0x0000025aadf5d1f0 method=java.lang.String.substring(II)Ljava/lang/String; @ 31 c2
Event: 0.624 Thread 0x0000025ac80d7800 Uncommon trap: reason=unstable_if action=reinterpret pc=0x0000025aadf69444 method=java.lang.Character.isSurrogate(C)Z @ 3 c2
Event: 0.665 Thread 0x0000025ac80d7800 Uncommon trap: reason=unstable_if action=reinterpret pc=0x0000025aadf65d50 method=sun.font.TrueTypeFont.getDirectoryEntry(I)Lsun/font/TrueTypeFont$DirectoryEntry; @ 7 c2

Classes redefined (0 events):
No events

Internal exceptions (10 events):
Event: 0.348 Thread 0x0000025a9afac800 Exception <a 'java/lang/ClassNotFoundException'{0x00000006da9de198}: com/sun/swing/internal/plaf/metal/resources/spi/metalProvider> (0x00000006da9de198) thrown at [t:/workspace/open/src/hotspot/share/classfile/systemDictionary.cpp, line 233]
Event: 0.349 Thread 0x0000025a9afac800 Exception <a 'java/lang/ClassNotFoundException'{0x00000006da9e44b8}: com/sun/swing/internal/plaf/basic/resources/spi/basicProvider> (0x00000006da9e44b8) thrown at [t:/workspace/open/src/hotspot/share/classfile/systemDictionary.cpp, line 233]
Event: 0.384 Thread 0x0000025a9afac800 Exception <a 'java/lang/NoSuchMethodError'{0x00000006da8726e0}: java.lang.invoke.DirectMethodHandle$Holder.invokeStaticInit(Ljava/lang/Object;)V> (0x00000006da8726e0) thrown at [t:/workspace/open/src/hotspot/share/interpreter/linkResolver.cpp, line 741]
Event: 0.392 Thread 0x0000025a9afac800 Exception <a 'java/io/FileNotFoundException'{0x00000006da7034a8}> (0x00000006da7034a8) thrown at [t:/workspace/open/src/hotspot/share/prims/jni.cpp, line 611]
Event: 0.392 Thread 0x0000025a9afac800 Exception <a 'java/lang/NullPointerException'{0x00000006da703dd8}> (0x00000006da703dd8) thrown at [t:/workspace/open/src/hotspot/share/interpreter/linkResolver.cpp, line 1324]
Event: 0.411 Thread 0x0000025a9afac800 Exception <a 'java/lang/NoSuchMethodError'{0x00000006da6da598}: java.lang.invoke.DirectMethodHandle$Holder.invokeStatic(Ljava/lang/Object;Ljava/lang/Object;Ljava/lang/Object;Ljava/lang/Object;Ljava/lang/Object;Ljava/lang/Object;Ljava/lang/Object;Ljava/lan
Event: 0.412 Thread 0x0000025a9afac800 Exception <a 'java/lang/NoSuchMethodError'{0x00000006da6faf78}: java.lang.invoke.DirectMethodHandle$Holder.invokeStatic(Ljava/lang/Object;Ljava/lang/Object;Ljava/lang/Object;Ljava/lang/Object;Ljava/lang/Object;Ljava/lang/Object;Ljava/lang/Object;Ljava/lan
Event: 0.413 Thread 0x0000025a9afac800 Exception <a 'java/lang/NoSuchMethodError'{0x00000006da51cb48}: java.lang.invoke.DirectMethodHandle$Holder.invokeStatic(Ljava/lang/Object;Ljava/lang/Object;Ljava/lang/Object;Ljava/lang/Object;Ljava/lang/Object;Ljava/lang/Object;Ljava/lang/Object;Ljava/lan
Event: 0.416 Thread 0x0000025a9afac800 Exception <a 'sun/nio/fs/WindowsException'{0x00000006da52f448}> (0x00000006da52f448) thrown at [t:/workspace/open/src/hotspot/share/prims/jni.cpp, line 611]
Event: 0.420 Thread 0x0000025a9afac800 Exception <a 'java/lang/NoSuchMethodError'{0x00000006da57c1c8}: java.lang.invoke.DirectMethodHandle$Holder.invokeStatic(Ljava/lang/Object;Ljava/lang/Object;Ljava/lang/Object;Ljava/lang/Object;Ljava/lang/Object;Ljava/lang/Object;Ljava/lang/Object;Ljava/lan

Events (10 events):
Event: 0.678 loading class java/text/CharacterIterator
Event: 0.678 loading class java/text/CharacterIterator done
Event: 0.678 loading class java/text/AttributedCharacterIterator done
Event: 0.678 loading class java/text/AttributedString$AttributedStringIterator done
Event: 0.678 loading class java/awt/TextComponent
Event: 0.678 loading class java/awt/TextComponent done
Event: 0.678 loading class javax/swing/text/JTextComponent
Event: 0.679 loading class javax/swing/Scrollable
Event: 0.679 loading class javax/swing/Scrollable done
Event: 0.679 loading class javax/swing/text/JTextComponent done


Dynamic libraries:
0x00007ff7e5c00000 - 0x00007ff7e5c3e000 	D:\java2\bin\javaw.exe
0x00007ffa7ec60000 - 0x00007ffa7ee69000 	C:\Windows\SYSTEM32\ntdll.dll
0x00007ffa7dfe0000 - 0x00007ffa7e09e000 	C:\Windows\System32\KERNEL32.DLL
0x00007ffa7c3d0000 - 0x00007ffa7c754000 	C:\Windows\System32\KERNELBASE.dll
0x00007ffa7e270000 - 0x00007ffa7e31f000 	C:\Windows\System32\ADVAPI32.dll
0x00007ffa7e580000 - 0x00007ffa7e623000 	C:\Windows\System32\msvcrt.dll
0x00007ffa7e0a0000 - 0x00007ffa7e13e000 	C:\Windows\System32\sechost.dll
0x00007ffa7e140000 - 0x00007ffa7e261000 	C:\Windows\System32\RPCRT4.dll
0x00007ffa7d780000 - 0x00007ffa7d92d000 	C:\Windows\System32\USER32.dll
0x00007ffa7ca90000 - 0x00007ffa7cab6000 	C:\Windows\System32\win32u.dll
0x00007ffa7e410000 - 0x00007ffa7e43a000 	C:\Windows\System32\GDI32.dll
0x00007ffa7c880000 - 0x00007ffa7c99f000 	C:\Windows\System32\gdi32full.dll
0x00007ffa7c270000 - 0x00007ffa7c30d000 	C:\Windows\System32\msvcp_win.dll
0x00007ffa7c760000 - 0x00007ffa7c871000 	C:\Windows\System32\ucrtbase.dll
0x00007ffa69e50000 - 0x00007ffa6a0f5000 	C:\Windows\WinSxS\amd64_microsoft.windows.common-controls_6595b64144ccf1df_6.0.22000.120_none_9d947278b86cc467\COMCTL32.dll
0x00007ffa74320000 - 0x00007ffa7432a000 	C:\Windows\SYSTEM32\VERSION.dll
0x00007ffa7de10000 - 0x00007ffa7de41000 	C:\Windows\System32\IMM32.DLL
0x00007ffa501a0000 - 0x00007ffa5028f000 	D:\java2\bin\msvcr120.dll
0x00007ffa500f0000 - 0x00007ffa50196000 	D:\java2\bin\msvcp120.dll
0x0000000061380000 - 0x0000000061df0000 	D:\java2\bin\server\jvm.dll
0x00007ffa7e780000 - 0x00007ffa7e788000 	C:\Windows\System32\PSAPI.DLL
0x00007ffa6ed50000 - 0x00007ffa6ed59000 	C:\Windows\SYSTEM32\WSOCK32.dll
0x00007ffa75540000 - 0x00007ffa75573000 	C:\Windows\SYSTEM32\WINMM.dll
0x00007ffa7d710000 - 0x00007ffa7d77f000 	C:\Windows\System32\WS2_32.dll
0x00007ffa786a0000 - 0x00007ffa786af000 	D:\java2\bin\verify.dll
0x00007ffa79b80000 - 0x00007ffa79da1000 	C:\Windows\SYSTEM32\DBGHELP.DLL
0x00007ffa73b00000 - 0x00007ffa73b31000 	C:\Windows\SYSTEM32\dbgcore.DLL
0x00007ffa7c9a0000 - 0x00007ffa7ca1f000 	C:\Windows\System32\bcryptPrimitives.dll
0x00007ffa6e960000 - 0x00007ffa6e987000 	D:\java2\bin\java.dll
0x00007ffa6fa80000 - 0x00007ffa6fa96000 	D:\java2\bin\zip.dll
0x00007ffa741d0000 - 0x00007ffa741da000 	D:\java2\bin\jimage.dll
0x00007ffa7cf40000 - 0x00007ffa7d705000 	C:\Windows\System32\SHELL32.dll
0x00007ffa7a1e0000 - 0x00007ffa7aa44000 	C:\Windows\SYSTEM32\windows.storage.dll
0x00007ffa7e7b0000 - 0x00007ffa7eb26000 	C:\Windows\System32\combase.dll
0x00007ffa7a070000 - 0x00007ffa7a1d7000 	C:\Windows\SYSTEM32\wintypes.dll
0x00007ffa7e320000 - 0x00007ffa7e40a000 	C:\Windows\System32\SHCORE.dll
0x00007ffa7e640000 - 0x00007ffa7e69d000 	C:\Windows\System32\shlwapi.dll
0x00007ffa7c030000 - 0x00007ffa7c051000 	C:\Windows\SYSTEM32\profapi.dll
0x00007ffa6c6a0000 - 0x00007ffa6c6ba000 	D:\java2\bin\net.dll
0x00007ffa77bd0000 - 0x00007ffa77ce3000 	C:\Windows\SYSTEM32\WINHTTP.dll
0x00007ffa7b710000 - 0x00007ffa7b777000 	C:\Windows\system32\mswsock.dll
0x00007ffa6c680000 - 0x00007ffa6c691000 	D:\java2\bin\nio.dll
0x00007ffa4a810000 - 0x00007ffa4a9ab000 	D:\java2\bin\awt.dll
0x00007ffa7e6a0000 - 0x00007ffa7e776000 	C:\Windows\System32\OLEAUT32.dll
0x00007ffa77610000 - 0x00007ffa77bc8000 	C:\Windows\SYSTEM32\d2d1.dll
0x00007ffa79230000 - 0x00007ffa792c2000 	C:\Windows\SYSTEM32\apphelp.dll
0x00007ffa79660000 - 0x00007ffa7968f000 	C:\Windows\system32\DWMAPI.DLL
0x00007ffa79340000 - 0x00007ffa793ec000 	C:\Windows\system32\uxtheme.dll
0x00007ffa4bb30000 - 0x00007ffa4bc31000 	C:\Windows\system32\opengl32.dll
0x00007ffa6bfb0000 - 0x00007ffa6bfdd000 	C:\Windows\SYSTEM32\GLU32.dll
0x00007ffa79500000 - 0x00007ffa79538000 	C:\Windows\SYSTEM32\dxcore.dll
0x00007ffa7dcf0000 - 0x00007ffa7de0d000 	C:\Windows\System32\MSCTF.dll
0x00007ffa7d930000 - 0x00007ffa7daca000 	C:\Windows\System32\ole32.dll
0x00007ffa7b260000 - 0x00007ffa7b278000 	C:\Windows\SYSTEM32\kernel.appcore.dll
0x00007ffa6e6d0000 - 0x00007ffa6e876000 	C:\Windows\system32\d3d9.dll
0x00007ffa6d550000 - 0x00007ffa6d70b000 	C:\Windows\System32\DriverStore\FileRepository\u0383479.inf_amd64_8aa1e2701ca9a0a0\B383240\aticfx64.dll
0x00007ffa2ff60000 - 0x00007ffa31d2f000 	C:\Windows\System32\DriverStore\FileRepository\u0383479.inf_amd64_8aa1e2701ca9a0a0\B383240\amdxn64.dll
0x00007ffa7cad0000 - 0x00007ffa7cf3c000 	C:\Windows\System32\SETUPAPI.dll
0x00007ffa79540000 - 0x00007ffa79633000 	C:\Windows\SYSTEM32\dxgi.dll
0x00007ffa73e30000 - 0x00007ffa73e65000 	C:\Windows\SYSTEM32\amdihk64.dll
0x00007ffa76a60000 - 0x00007ffa76aa4000 	C:\Windows\SYSTEM32\directxdatabasehelper.dll
0x00007ffa7b280000 - 0x00007ffa7b2b4000 	C:\Windows\SYSTEM32\ntmarta.dll
0x00007ffa58ca0000 - 0x00007ffa58d05000 	D:\java2\bin\fontmanager.dll
0x00007ffa640a0000 - 0x00007ffa640e2000 	D:\java2\bin\t2k.dll
0x00007ffa67a70000 - 0x00007ffa67b9c000 	C:\Windows\SYSTEM32\textinputframework.dll
0x00007ffa78f40000 - 0x00007ffa79071000 	C:\Windows\SYSTEM32\CoreMessaging.dll
0x00007ffa75800000 - 0x00007ffa75b6d000 	C:\Windows\SYSTEM32\CoreUIComponents.dll
0x00007ffa7b960000 - 0x00007ffa7b96c000 	C:\Windows\SYSTEM32\CRYPTBASE.DLL

dbghelp: loaded successfully - version: 4.0.5 - missing functions: none
symbol engine: initialized successfully - sym options: 0x614 - pdb path: .;D:\java2\bin;C:\Windows\SYSTEM32;C:\Windows\WinSxS\amd64_microsoft.windows.common-controls_6595b64144ccf1df_6.0.22000.120_none_9d947278b86cc467;D:\java2\bin\server;C:\Windows\System32\DriverStore\FileRepository\u0383479.inf_amd64_8aa1e2701ca9a0a0\B383240

VM Arguments:
jvm_args: -Dfile.encoding=GBK --module-path=D:\code\shixun\bin -Djdk.module.main=shixun 
java_command: shixun/lastshixun_jiemian.test
java_class_path (initial): D:\mysql\mysql-connector-j-8.0.33.jar
Launcher Type: SUN_STANDARD

Logging:
Log output configuration:
#0: stdout all=warning uptime,level,tags
#1: stderr all=off uptime,level,tags

Environment Variables:
JAVA_HOME=D:\java2
CLASSPATH=D:\java2\bin
PATH="%JAVA_HOME%\bin;C:\Program Files (x86)\Common Files\Oracle\Java\javapath";C:\Windows\system32;C:\Windows;C:\Windows\System32\Wbem;C:\Windows\System32\WindowsPowerShell\v1.0\;C:\Windows\System32\OpenSSH\;C:\Program Files (x86)\NVIDIA Corporation\PhysX\Common;C:\Program Files\NVIDIA Corporation\NVIDIA NvDLISR;C:\Program Files\MySQL\MySQL Shell 8.0\bin\;C:\Users\w3361\AppData\Local\Microsoft\WindowsApps;D:\java2\bin;
USERNAME=w3361
OS=Windows_NT
PROCESSOR_IDENTIFIER=AMD64 Family 25 Model 68 Stepping 1, AuthenticAMD



---------------  S Y S T E M  ---------------

OS: Windows 10 , 64 bit Build 22000 (10.0.22000.2003)

CPU:total 16 (initial active 16) (16 cores per cpu, 2 threads per core) family 25 model 68 stepping 1, cmov, cx8, fxsr, mmx, sse, sse2, sse3, ssse3, sse4.1, sse4.2, popcnt, avx, avx2, aes, clmul, erms, mmxext, 3dnowpref, lzcnt, sse4a, ht, tsc, tscinvbit, tscinv, bmi1, bmi2, adx, sha, fma

Memory: 4k page, physical 16005276k(2050612k free), swap 40299460k(6304k free)

vm_info: Java HotSpot(TM) 64-Bit Server VM (10.0.2+13) for windows-amd64 JRE (10.0.2+13), built on Jun 28 2018 01:57:56 by "mach5one" with MS VC++ 12.0 (VS2013)

END.
